<?xml version="1.0" encoding="UTF-8"?>
<!-- Generated by org.testng.reporters.JUnitXMLReporter -->
<testsuite ignored="0" hostname="LAPTOP-J8JOLEM1" failures="0" tests="1" name="Test3" time="0.204" errors="0" timestamp="2023-03-20T14:45:02 CDT">
  <testcase classname="genericUtility.BaseClass" name="@BeforeClass beforeClass" time="-1.679341502159E9">
    <failure type="org.testng.TestNGException" message="
Parameter &amp;apos;BROWSER&amp;apos; is required by BeforeClass on method beforeClass but has not been marked @Optional or defined
in C:\QA automation 2022\Selenium\Framework\ParallelExecutiontestng.xml">
      <![CDATA[org.testng.TestNGException: 
Parameter 'BROWSER' is required by BeforeClass on method beforeClass but has not been marked @Optional or defined
in C:\QA automation 2022\Selenium\Framework\ParallelExecutiontestng.xml
at java.base/java.util.ArrayList.forEach(ArrayList.java:1511)
at java.base/java.util.concurrent.FutureTask.run(FutureTask.java:264)
at java.base/java.util.concurrent.ThreadPoolExecutor.runWorker(ThreadPoolExecutor.java:1136)
at java.base/java.util.concurrent.ThreadPoolExecutor$Worker.run(ThreadPoolExecutor.java:635)
at java.base/java.lang.Thread.run(Thread.java:833)
... Removed 13 stack frames]]>
    </failure>
  </testcase> <!-- @BeforeClass beforeClass -->
  <testcase classname="genericUtility.BaseClass" name="@BeforeMethod beforeMethod" time="-1.679341502271E9">
    <skipped/>
  </testcase> <!-- @BeforeMethod beforeMethod -->
  <testcase classname="genericUtility.BaseClass" name="@AfterMethod afterMethod" time="-1.679341502329E9">
    <skipped/>
  </testcase> <!-- @AfterMethod afterMethod -->
  <testcase classname="genericUtility.BaseClass" name="@AfterClass afterClass" time="-1.679341502339E9">
    <skipped/>
  </testcase> <!-- @AfterClass afterClass -->
  <testcase classname="practice.Browser" name="Browser" time="0.0">
    <skipped/>
  </testcase> <!-- Browser -->
</testsuite> <!-- Test3 -->
